Using pre-set license
Built from '2020.3/staging' branch; Version is '2020.3.48f1 (b805b124c6b7) revision 12060081'; Using compiler version '192528614'; Build Type 'Release'
OS: 'Windows 10  (10.0.19045) 64bit CoreSingleLanguage' Language: 'en' Physical Memory: 16267 MB
BatchMode: 1, IsHumanControllingUs: 0, StartBugReporterOnCrash: 0, Is64bit: 1, IsPro: 0

COMMAND LINE ARGUMENTS:
D:\progs\Editor\Unity.exe
-adb2
-batchMode
-noUpm
-name
AssetImportWorker0
-projectPath
D:/unity projects/PLINCO - POP
-logFile
Logs/AssetImportWorker0.log
-srvPort
53423
Successfully changed project path to: D:/unity projects/PLINCO - POP
D:/unity projects/PLINCO - POP
Using Asset Import Pipeline V2.
Player connection [5004] Host "[IP] 192.168.43.175 [Port] 1073958944 [Flags] 2 [Guid] 2039189488 [EditorId] 2039189488 [Version] 1048832 [Id] WindowsEditor(7,DESKTOP-3SOV427) [Debug] 1 [PackageName] WindowsEditor [ProjectName] Editor" joined multi-casting on [225.0.0.222:54997]...

Player connection [5004] Host "[IP] 192.168.43.175 [Port] 1073958944 [Flags] 2 [Guid] 2039189488 [EditorId] 2039189488 [Version] 1048832 [Id] WindowsEditor(7,DESKTOP-3SOV427) [Debug] 1 [PackageName] WindowsEditor [ProjectName] Editor" joined alternative multi-casting on [225.0.0.222:34997]...

Refreshing native plugins compatible for Editor in 55.26 ms, found 2 plugins.
Preloading 0 native plugins for Editor in 0.00 ms.
Initialize engine version: 2020.3.48f1 (b805b124c6b7)
[Subsystems] Discovering subsystems at path D:/progs/Editor/Data/Resources/UnitySubsystems
[Subsystems] Discovering subsystems at path D:/unity projects/PLINCO - POP/Assets
GfxDevice: creating device client; threaded=0
Direct3D:
    Version:  Direct3D 11.0 [level 11.0]
    Renderer: NVIDIA GeForce GTX 850M (ID=0x1391)
    Vendor:   
    VRAM:     4054 MB
    Driver:   31.0.15.3141
Initialize mono
Mono path[0] = 'D:/progs/Editor/Data/Managed'
Mono path[1] = 'D:/progs/Editor/Data/MonoBleedingEdge/lib/mono/unityjit'
Mono config path = 'D:/progs/Editor/Data/MonoBleedingEdge/etc'
Using monoOptions --debugger-agent=transport=dt_socket,embedding=1,server=y,suspend=n,address=127.0.0.1:56944
Begin MonoManager ReloadAssembly
Registering precompiled unity dll's ...
Register platform support module: D:/progs/Editor/Data/PlaybackEngines/WindowsStandaloneSupport/UnityEditor.WindowsStandalone.Extensions.dll
Registered in 0.001131 seconds.
Native extension for WindowsStandalone target not found
Refreshing native plugins compatible for Editor in 59.34 ms, found 2 plugins.
Preloading 0 native plugins for Editor in 0.00 ms.
Mono: successfully reloaded assembly
- Completed reload, in  0.696 seconds
Domain Reload Profiling:
	ReloadAssembly (697ms)
		BeginReloadAssembly (67ms)
			ExecutionOrderSort (0ms)
			DisableScriptedObjects (0ms)
			BackupInstance (0ms)
			ReleaseScriptingObjects (0ms)
			CreateAndSetChildDomain (1ms)
		EndReloadAssembly (550ms)
			LoadAssemblies (66ms)
			RebuildTransferFunctionScriptingTraits (0ms)
			SetupTypeCache (200ms)
			ReleaseScriptCaches (0ms)
			RebuildScriptCaches (37ms)
			SetupLoadedEditorAssemblies (206ms)
				LogAssemblyErrors (0ms)
				InitializePlatformSupportModulesInManaged (5ms)
				SetLoadedEditorAssemblies (0ms)
				RefreshPlugins (59ms)
				BeforeProcessingInitializeOnLoad (11ms)
				ProcessInitializeOnLoadAttributes (96ms)
				ProcessInitializeOnLoadMethodAttributes (34ms)
				AfterProcessingInitializeOnLoad (0ms)
				EditorAssembliesLoaded (0ms)
			ExecutionOrderSort2 (0ms)
			AwakeInstancesAfterBackupRestoration (0ms)
Platform modules already initialized, skipping
Registering precompiled user dll's ...
Registered in 0.003378 seconds.
Begin MonoManager ReloadAssembly
Error: Could not load signature of UnityEditor.Purchasing.AppleCapabilities:AddInAppPurchasingCapability due to: Could not load file or assembly 'UnityEditor.iOS.Extensions.Xcode, Version=1.0.0.0, Culture=neutral, PublicKeyToken=null' or one of its dependencies. assembly:UnityEditor.iOS.Extensions.Xcode, Version=1.0.0.0, Culture=neutral, PublicKeyToken=null type:<unknown type> member:(null) signature:<none>
Unloading broken assembly Library/ScriptAssemblies/UnityEditor.Purchasing.dll, this assembly can cause crashes in the runtime
Native extension for WindowsStandalone target not found
Refreshing native plugins compatible for Editor in 0.60 ms, found 2 plugins.
Preloading 0 native plugins for Editor in 0.00 ms.
Mono: successfully reloaded assembly
- Completed reload, in  1.260 seconds
Domain Reload Profiling:
	ReloadAssembly (1261ms)
		BeginReloadAssembly (182ms)
			ExecutionOrderSort (0ms)
			DisableScriptedObjects (5ms)
			BackupInstance (0ms)
			ReleaseScriptingObjects (0ms)
			CreateAndSetChildDomain (23ms)
		EndReloadAssembly (1015ms)
			LoadAssemblies (104ms)
			RebuildTransferFunctionScriptingTraits (0ms)
			SetupTypeCache (386ms)
			ReleaseScriptCaches (1ms)
			RebuildScriptCaches (54ms)
			SetupLoadedEditorAssemblies (385ms)
				LogAssemblyErrors (0ms)
				InitializePlatformSupportModulesInManaged (5ms)
				SetLoadedEditorAssemblies (1ms)
				RefreshPlugins (1ms)
				BeforeProcessingInitializeOnLoad (77ms)
				ProcessInitializeOnLoadAttributes (286ms)
				ProcessInitializeOnLoadMethodAttributes (13ms)
				AfterProcessingInitializeOnLoad (3ms)
				EditorAssembliesLoaded (0ms)
			ExecutionOrderSort2 (0ms)
			AwakeInstancesAfterBackupRestoration (2ms)
Platform modules already initialized, skipping
========================================================================
Worker process is ready to serve import requests
Launched and connected shader compiler UnityShaderCompiler.exe after 0.05 seconds
Refreshing native plugins compatible for Editor in 0.57 ms, found 2 plugins.
Preloading 0 native plugins for Editor in 0.00 ms.
Unloading 2133 Unused Serialized files (Serialized files now loaded: 0)
System memory in use before: 92.5 MB.
System memory in use after: 92.6 MB.

Unloading 28 unused Assets to reduce memory usage. Loaded Objects now: 2558.
Total: 4.176300 ms (FindLiveObjects: 0.280700 ms CreateObjectMapping: 0.175000 ms MarkObjects: 3.613100 ms  DeleteObjects: 0.106600 ms)

AssetImportParameters requested are different than current active one (requested -> active):
  custom:framework-win-MediaFoundation: 216162199b28c13a410421893ffa2e32 -> 
  custom:video-decoder-ogg-theora: a1e56fd34408186e4bbccfd4996cb3dc -> 
  custom:container-muxer-webm: aa71ff27fc2769a1b78a27578f13a17b -> 
  custom:container-demuxer-webm: 4f35f7cbe854078d1ac9338744f61a02 -> 
  custom:container-demuxer-ogg: 62fdf1f143b41e24485cea50d1cbac27 -> 
  custom:video-encoder-webm-vp8: eb34c28f22e8b96e1ab97ce403110664 -> 
  custom:video-decoder-webm-vp8: 9c59270c3fd7afecdb556c50c9e8de78 -> 
  custom:audio-decoder-ogg-vorbis: bf7c407c2cedff20999df2af8eb42d56 -> 
  custom:audio-encoder-webm-vorbis: bf7c407c2cedff20999df2af8eb42d56 -> 
========================================================================
Received Import Request.
  path: Assets/images/Clip path group.png
  artifactKey: Guid(36629526b679df64690450bb4d061d93) Importer(815301076,1909f56bfc062723c751e8b465ee728b)
Start importing Assets/images/Clip path group.png using Guid(36629526b679df64690450bb4d061d93) Importer(815301076,1909f56bfc062723c751e8b465ee728b)  -> (artifact id: '8c0d052101109527d6c8549a50b52d77') in 0.151281 seconds 
========================================================================
Received Import Request.
  Time since last request: 0.000253 seconds.
  path: Assets/images/image 13.png
  artifactKey: Guid(b8be5a5b37fbf154895058dbcd12b438) Importer(815301076,1909f56bfc062723c751e8b465ee728b)
Start importing Assets/images/image 13.png using Guid(b8be5a5b37fbf154895058dbcd12b438) Importer(815301076,1909f56bfc062723c751e8b465ee728b)  -> (artifact id: 'dc00ad949c4ecc8345dbda6f474f3aa1') in 0.049664 seconds 
========================================================================
Received Import Request.
  Time since last request: 0.000203 seconds.
  path: Assets/images/Frame 23 (1).png
  artifactKey: Guid(3bb4a43b4c25d22489b1d456498779fa) Importer(815301076,1909f56bfc062723c751e8b465ee728b)
Start importing Assets/images/Frame 23 (1).png using Guid(3bb4a43b4c25d22489b1d456498779fa) Importer(815301076,1909f56bfc062723c751e8b465ee728b)  -> (artifact id: '9da8b9d6c52d8956a618f5ee96d6edee') in 0.026780 seconds 
========================================================================
Received Import Request.
  Time since last request: 0.000268 seconds.
  path: Assets/images/aaaaaa.png
  artifactKey: Guid(bd56a970f177d6f4496aeb0a5523cb54) Importer(815301076,1909f56bfc062723c751e8b465ee728b)
Start importing Assets/images/aaaaaa.png using Guid(bd56a970f177d6f4496aeb0a5523cb54) Importer(815301076,1909f56bfc062723c751e8b465ee728b)  -> (artifact id: '2da3c332528fcb138df90994d7635451') in 0.116409 seconds 
========================================================================
Received Import Request.
  Time since last request: 0.000218 seconds.
  path: Assets/images/minus.png
  artifactKey: Guid(7905c89ad66adfa40b0510eda3a9be67) Importer(815301076,1909f56bfc062723c751e8b465ee728b)
Start importing Assets/images/minus.png using Guid(7905c89ad66adfa40b0510eda3a9be67) Importer(815301076,1909f56bfc062723c751e8b465ee728b)  -> (artifact id: 'b6b57b089b66d90241893ac2c1d19730') in 0.019385 seconds 
========================================================================
Received Import Request.
  Time since last request: 0.000218 seconds.
  path: Assets/images/Map 1 (3).png
  artifactKey: Guid(13ebe950b29c85040a79ef111731cb47) Importer(815301076,1909f56bfc062723c751e8b465ee728b)
Start importing Assets/images/Map 1 (3).png using Guid(13ebe950b29c85040a79ef111731cb47) Importer(815301076,1909f56bfc062723c751e8b465ee728b)  -> (artifact id: 'ad8e269d3488f69127269529e441b02c') in 0.101446 seconds 
========================================================================
Received Import Request.
  Time since last request: 0.000244 seconds.
  path: Assets/images/Map 1 (2).png
  artifactKey: Guid(8b09542733f7c3641b65a58b38611090) Importer(815301076,1909f56bfc062723c751e8b465ee728b)
Start importing Assets/images/Map 1 (2).png using Guid(8b09542733f7c3641b65a58b38611090) Importer(815301076,1909f56bfc062723c751e8b465ee728b)  -> (artifact id: 'e19ff9455a7d1fcbdaa7ba8393190630') in 0.103530 seconds 
========================================================================
Received Import Request.
  Time since last request: 0.000235 seconds.
  path: Assets/images/Frame 13.png
  artifactKey: Guid(57696ec3b839fda488d8ecdcab0d40e1) Importer(815301076,1909f56bfc062723c751e8b465ee728b)
Start importing Assets/images/Frame 13.png using Guid(57696ec3b839fda488d8ecdcab0d40e1) Importer(815301076,1909f56bfc062723c751e8b465ee728b)  -> (artifact id: 'b7feff4e211715c4d0e95d954dbb6031') in 0.018240 seconds 
========================================================================
Received Import Request.
  Time since last request: 0.000224 seconds.
  path: Assets/images/Frame 19.png
  artifactKey: Guid(c7efc996ed01a084db94eebf3e5ceb18) Importer(815301076,1909f56bfc062723c751e8b465ee728b)
Start importing Assets/images/Frame 19.png using Guid(c7efc996ed01a084db94eebf3e5ceb18) Importer(815301076,1909f56bfc062723c751e8b465ee728b)  -> (artifact id: 'bbccb09ca91f475d61252e4d9b9af2e0') in 0.022085 seconds 
========================================================================
Received Import Request.
  Time since last request: 0.000253 seconds.
  path: Assets/images/Big Win!.png
  artifactKey: Guid(fdb35f176fc0957448c18c5bd079cb30) Importer(815301076,1909f56bfc062723c751e8b465ee728b)
Start importing Assets/images/Big Win!.png using Guid(fdb35f176fc0957448c18c5bd079cb30) Importer(815301076,1909f56bfc062723c751e8b465ee728b)  -> (artifact id: 'a198c779d6f5a9cd42bd0f73d254274c') in 0.102777 seconds 
========================================================================
Received Import Request.
  Time since last request: 0.000246 seconds.
  path: Assets/images/Info 2.png
  artifactKey: Guid(3f577c48d03a0a245861ff6deaa75318) Importer(815301076,1909f56bfc062723c751e8b465ee728b)
Start importing Assets/images/Info 2.png using Guid(3f577c48d03a0a245861ff6deaa75318) Importer(815301076,1909f56bfc062723c751e8b465ee728b)  -> (artifact id: '59b3ae1eae0ad15ae733af69083042c9') in 0.440933 seconds 
========================================================================
Received Import Request.
  Time since last request: 0.000264 seconds.
  path: Assets/images/PYRAMID 2.png
  artifactKey: Guid(4f865bbdef8c79447b9e50dc450f35a8) Importer(815301076,1909f56bfc062723c751e8b465ee728b)
Start importing Assets/images/PYRAMID 2.png using Guid(4f865bbdef8c79447b9e50dc450f35a8) Importer(815301076,1909f56bfc062723c751e8b465ee728b)  -> (artifact id: '7d69a3a5bb4a4e3939c9310b8273d772') in 0.036502 seconds 
========================================================================
Received Import Request.
  Time since last request: 0.000233 seconds.
  path: Assets/images/image 13b.png
  artifactKey: Guid(eb0bb4e6dfa6148429632cc8827fb46b) Importer(815301076,1909f56bfc062723c751e8b465ee728b)
Start importing Assets/images/image 13b.png using Guid(eb0bb4e6dfa6148429632cc8827fb46b) Importer(815301076,1909f56bfc062723c751e8b465ee728b)  -> (artifact id: 'ff183fe66b61a97c3a7233cc66489b42') in 0.029269 seconds 
========================================================================
Received Import Request.
  Time since last request: 0.000222 seconds.
  path: Assets/images/Frame 33.png
  artifactKey: Guid(3b79cdb5a03be6b4895e1f786e23f9b7) Importer(815301076,1909f56bfc062723c751e8b465ee728b)
Start importing Assets/images/Frame 33.png using Guid(3b79cdb5a03be6b4895e1f786e23f9b7) Importer(815301076,1909f56bfc062723c751e8b465ee728b)  -> (artifact id: '6e908046c689520d88dcccd52282761f') in 0.101912 seconds 
========================================================================
Received Import Request.
  Time since last request: 0.000282 seconds.
  path: Assets/images/Info 4.png
  artifactKey: Guid(f4bb72425e45d9542bbb9db67b7b11a3) Importer(815301076,1909f56bfc062723c751e8b465ee728b)
Start importing Assets/images/Info 4.png using Guid(f4bb72425e45d9542bbb9db67b7b11a3) Importer(815301076,1909f56bfc062723c751e8b465ee728b)  -> (artifact id: '1db8f93d56e8ba1b45ef074ecadf7351') in 0.372458 seconds 
========================================================================
Received Import Request.
  Time since last request: 0.000248 seconds.
  path: Assets/images/ball2.png
  artifactKey: Guid(b30c10d74353b8541a67b5e2a4a24985) Importer(815301076,1909f56bfc062723c751e8b465ee728b)
Start importing Assets/images/ball2.png using Guid(b30c10d74353b8541a67b5e2a4a24985) Importer(815301076,1909f56bfc062723c751e8b465ee728b)  -> (artifact id: '70ffe17acaee3a1aab5b4c648c726c5f') in 0.021913 seconds 
========================================================================
Received Import Request.
  Time since last request: 0.000237 seconds.
  path: Assets/images/photo_2023-11-08_17-46-04.png
  artifactKey: Guid(f655001b1bc3a5348984c4dfd800231a) Importer(815301076,1909f56bfc062723c751e8b465ee728b)
Start importing Assets/images/photo_2023-11-08_17-46-04.png using Guid(f655001b1bc3a5348984c4dfd800231a) Importer(815301076,1909f56bfc062723c751e8b465ee728b)  -> (artifact id: '579b065ef6f6617e087f8e87a1bb6522') in 0.020769 seconds 
========================================================================
Received Import Request.
  Time since last request: 0.000218 seconds.
  path: Assets/images/Group 22.png
  artifactKey: Guid(df722e2e7278b2e44b94f19c7f620c77) Importer(815301076,1909f56bfc062723c751e8b465ee728b)
Start importing Assets/images/Group 22.png using Guid(df722e2e7278b2e44b94f19c7f620c77) Importer(815301076,1909f56bfc062723c751e8b465ee728b)  -> (artifact id: '0a7242232a9b99a07b0762bd00610583') in 0.023094 seconds 
========================================================================
Received Import Request.
  Time since last request: 0.000206 seconds.
  path: Assets/images/Map 2title.png
  artifactKey: Guid(1eef3cb523e54bf4d971edd1834f02b8) Importer(815301076,1909f56bfc062723c751e8b465ee728b)
Start importing Assets/images/Map 2title.png using Guid(1eef3cb523e54bf4d971edd1834f02b8) Importer(815301076,1909f56bfc062723c751e8b465ee728b)  -> (artifact id: 'bdec16c7a210034d4619527e366067e2') in 0.134063 seconds 
========================================================================
Received Import Request.
  Time since last request: 0.000349 seconds.
  path: Assets/images/Background.png
  artifactKey: Guid(e5af42a198c6d2f40b5ed4937c3c177c) Importer(815301076,1909f56bfc062723c751e8b465ee728b)
Start importing Assets/images/Background.png using Guid(e5af42a198c6d2f40b5ed4937c3c177c) Importer(815301076,1909f56bfc062723c751e8b465ee728b)  -> (artifact id: 'dfb51ccc67b50aa441eef427954e4f37') in 0.416551 seconds 
========================================================================
Received Import Request.
  Time since last request: 0.000252 seconds.
  path: Assets/images/Rectangle 8.png
  artifactKey: Guid(e076f19c315269b4eb496239ae4f7ff9) Importer(815301076,1909f56bfc062723c751e8b465ee728b)
Start importing Assets/images/Rectangle 8.png using Guid(e076f19c315269b4eb496239ae4f7ff9) Importer(815301076,1909f56bfc062723c751e8b465ee728b)  -> (artifact id: '8ff7eeb41b4cf22256578f22fc213878') in 0.098774 seconds 
========================================================================
Received Import Request.
  Time since last request: 0.000247 seconds.
  path: Assets/images/Group 29.png
  artifactKey: Guid(3073ee5114c761a45b37d22b22661668) Importer(815301076,1909f56bfc062723c751e8b465ee728b)
Start importing Assets/images/Group 29.png using Guid(3073ee5114c761a45b37d22b22661668) Importer(815301076,1909f56bfc062723c751e8b465ee728b)  -> (artifact id: 'a2f8d1e0ca5e198d3f1f6bb7108e384b') in 0.017681 seconds 
========================================================================
Received Import Request.
  Time since last request: 0.000218 seconds.
  path: Assets/images/Frame 16.png
  artifactKey: Guid(33da0dae52d9e2b4582fa150bfa38ee9) Importer(815301076,1909f56bfc062723c751e8b465ee728b)
Start importing Assets/images/Frame 16.png using Guid(33da0dae52d9e2b4582fa150bfa38ee9) Importer(815301076,1909f56bfc062723c751e8b465ee728b)  -> (artifact id: '7bf062d71b986d641230a5037f433fa1') in 0.018767 seconds 
========================================================================
Received Import Request.
  Time since last request: 0.000267 seconds.
  path: Assets/images/Frame 14a.png
  artifactKey: Guid(71971e7d73a0f9d46b55a9daf99398ca) Importer(815301076,1909f56bfc062723c751e8b465ee728b)
Start importing Assets/images/Frame 14a.png using Guid(71971e7d73a0f9d46b55a9daf99398ca) Importer(815301076,1909f56bfc062723c751e8b465ee728b)  -> (artifact id: '4c28200aebdc16ba490ef5862bdb3af5') in 0.024006 seconds 
========================================================================
Received Import Request.
  Time since last request: 0.000221 seconds.
  path: Assets/images/Group 41.jpg
  artifactKey: Guid(be5bf1e6878389e49b49ab166b075fec) Importer(815301076,1909f56bfc062723c751e8b465ee728b)
Start importing Assets/images/Group 41.jpg using Guid(be5bf1e6878389e49b49ab166b075fec) Importer(815301076,1909f56bfc062723c751e8b465ee728b)  -> (artifact id: '411ed27b65600f47e0e1b6dc01e58acc') in 0.101903 seconds 
========================================================================
Received Import Request.
  Time since last request: 0.000243 seconds.
  path: Assets/images/MISSIONS.png
  artifactKey: Guid(08866d1ce96819641b9295c26a4c2b2c) Importer(815301076,1909f56bfc062723c751e8b465ee728b)
Start importing Assets/images/MISSIONS.png using Guid(08866d1ce96819641b9295c26a4c2b2c) Importer(815301076,1909f56bfc062723c751e8b465ee728b)  -> (artifact id: '6715ffff38308d60345639c42049efa4') in 0.035759 seconds 
========================================================================
Received Import Request.
  Time since last request: 0.000227 seconds.
  path: Assets/images/Frame 24.png
  artifactKey: Guid(e60de54f97e0cf44d83ac90eb83f831b) Importer(815301076,1909f56bfc062723c751e8b465ee728b)
Start importing Assets/images/Frame 24.png using Guid(e60de54f97e0cf44d83ac90eb83f831b) Importer(815301076,1909f56bfc062723c751e8b465ee728b)  -> (artifact id: 'a871d065f8cc64c71846caa09336e94b') in 0.025893 seconds 
========================================================================
Received Import Request.
  Time since last request: 0.000236 seconds.
  path: Assets/images/main (1).png
  artifactKey: Guid(50d5510dcba86354495d288953d231d8) Importer(815301076,1909f56bfc062723c751e8b465ee728b)
Start importing Assets/images/main (1).png using Guid(50d5510dcba86354495d288953d231d8) Importer(815301076,1909f56bfc062723c751e8b465ee728b)  -> (artifact id: 'a9ac1dc6f3d9b8930692e12943119f32') in 0.403648 seconds 
========================================================================
Received Import Request.
  Time since last request: 0.000311 seconds.
  path: Assets/images/Playeer.png
  artifactKey: Guid(85528dbfad0cb8749afc18de2ffb60e2) Importer(815301076,1909f56bfc062723c751e8b465ee728b)
Start importing Assets/images/Playeer.png using Guid(85528dbfad0cb8749afc18de2ffb60e2) Importer(815301076,1909f56bfc062723c751e8b465ee728b)  -> (artifact id: 'f7a399f8c0021d0ea9c274c2a7d2df2d') in 0.101697 seconds 
========================================================================
Received Import Request.
  Time since last request: 0.000258 seconds.
  path: Assets/images/Background12.png
  artifactKey: Guid(07d263872245c35458aa3a587a735441) Importer(815301076,1909f56bfc062723c751e8b465ee728b)
Start importing Assets/images/Background12.png using Guid(07d263872245c35458aa3a587a735441) Importer(815301076,1909f56bfc062723c751e8b465ee728b)  -> (artifact id: '7d81fefba93b0f76904cf412e2608dd4') in 0.388427 seconds 
========================================================================
Received Import Request.
  Time since last request: 0.000220 seconds.
  path: Assets/images/PYRAMID.png
  artifactKey: Guid(8883674009daae046b67e5606a166a81) Importer(815301076,1909f56bfc062723c751e8b465ee728b)
Start importing Assets/images/PYRAMID.png using Guid(8883674009daae046b67e5606a166a81) Importer(815301076,1909f56bfc062723c751e8b465ee728b)  -> (artifact id: '598e31bae439280b7124e973813d49e4') in 0.037201 seconds 
========================================================================
Received Import Request.
  Time since last request: 0.000282 seconds.
  path: Assets/images/Rectangle 1.png
  artifactKey: Guid(f0d9ed92ca1953d46aa7b455d11862de) Importer(815301076,1909f56bfc062723c751e8b465ee728b)
Start importing Assets/images/Rectangle 1.png using Guid(f0d9ed92ca1953d46aa7b455d11862de) Importer(815301076,1909f56bfc062723c751e8b465ee728b)  -> (artifact id: '10acade7cea2cdf24f52c2383b4bd7d4') in 0.390355 seconds 
========================================================================
Received Import Request.
  Time since last request: 0.000307 seconds.
  path: Assets/images/Background22.png
  artifactKey: Guid(0e0a89a616f9cfd429513fb8a8495945) Importer(815301076,1909f56bfc062723c751e8b465ee728b)
Start importing Assets/images/Background22.png using Guid(0e0a89a616f9cfd429513fb8a8495945) Importer(815301076,1909f56bfc062723c751e8b465ee728b)  -> (artifact id: 'c297058dd42e611981205ef09276bb0d') in 0.383474 seconds 
========================================================================
Received Import Request.
  Time since last request: 0.000268 seconds.
  path: Assets/images/Frame 21.png
  artifactKey: Guid(991913ccc4f26d84eb8db1855b2c0581) Importer(815301076,1909f56bfc062723c751e8b465ee728b)
Start importing Assets/images/Frame 21.png using Guid(991913ccc4f26d84eb8db1855b2c0581) Importer(815301076,1909f56bfc062723c751e8b465ee728b)  -> (artifact id: '88450a5958403b6dedc62c5c0b00b0b1') in 0.014634 seconds 
========================================================================
Received Import Request.
  Time since last request: 0.000291 seconds.
  path: Assets/images/aaaaaaa.png
  artifactKey: Guid(13897eb72d4302948ae0552df96e4af7) Importer(815301076,1909f56bfc062723c751e8b465ee728b)
Start importing Assets/images/aaaaaaa.png using Guid(13897eb72d4302948ae0552df96e4af7) Importer(815301076,1909f56bfc062723c751e8b465ee728b)  -> (artifact id: '76a36b7140bd924e171e4bda325d9423') in 0.035743 seconds 
========================================================================
Received Import Request.
  Time since last request: 0.000240 seconds.
  path: Assets/images/Frame 12.png
  artifactKey: Guid(5a6b5c0c083c93742b61f0932ab54ab0) Importer(815301076,1909f56bfc062723c751e8b465ee728b)
Start importing Assets/images/Frame 12.png using Guid(5a6b5c0c083c93742b61f0932ab54ab0) Importer(815301076,1909f56bfc062723c751e8b465ee728b)  -> (artifact id: '7cbeba8960dcaceaabfe21d21a99c09d') in 0.037161 seconds 
========================================================================
Received Import Request.
  Time since last request: 0.000234 seconds.
  path: Assets/images/game.png
  artifactKey: Guid(016265eb4ce38dd4d984002da3a3db28) Importer(815301076,1909f56bfc062723c751e8b465ee728b)
Start importing Assets/images/game.png using Guid(016265eb4ce38dd4d984002da3a3db28) Importer(815301076,1909f56bfc062723c751e8b465ee728b)  -> (artifact id: '962e302130d33bf54d04ce5bfb4fd14f') in 0.418657 seconds 
========================================================================
Received Import Request.
  Time since last request: 0.000247 seconds.
  path: Assets/images/music off.png
  artifactKey: Guid(580f075496c794e4bae2798a54a3992b) Importer(815301076,1909f56bfc062723c751e8b465ee728b)
Start importing Assets/images/music off.png using Guid(580f075496c794e4bae2798a54a3992b) Importer(815301076,1909f56bfc062723c751e8b465ee728b)  -> (artifact id: '91bf988c934cd9e839603babb01cdb6b') in 0.029348 seconds 
========================================================================
Received Import Request.
  Time since last request: 0.000241 seconds.
  path: Assets/images/Map 3.png
  artifactKey: Guid(a76e5c90658646741913a8fe9f522942) Importer(815301076,1909f56bfc062723c751e8b465ee728b)
Start importing Assets/images/Map 3.png using Guid(a76e5c90658646741913a8fe9f522942) Importer(815301076,1909f56bfc062723c751e8b465ee728b)  -> (artifact id: '28f49c55ec6cd9f89adb200ce9f8641a') in 0.026226 seconds 
========================================================================
Received Import Request.
  Time since last request: 0.000262 seconds.
  path: Assets/images/png-clipart-push-button-game-buttons-button-material-thumbnail.png
  artifactKey: Guid(a518fb3112c069746a2483a10ea82af6) Importer(815301076,1909f56bfc062723c751e8b465ee728b)
Start importing Assets/images/png-clipart-push-button-game-buttons-button-material-thumbnail.png using Guid(a518fb3112c069746a2483a10ea82af6) Importer(815301076,1909f56bfc062723c751e8b465ee728b)  -> (artifact id: '467cc0af27f576bab768b1a9d3b369c2') in 0.022927 seconds 
========================================================================
Received Import Request.
  Time since last request: 0.000204 seconds.
  path: Assets/images/image 13as.png
  artifactKey: Guid(ec3b257b3bda943499a5c901ee0ac584) Importer(815301076,1909f56bfc062723c751e8b465ee728b)
Start importing Assets/images/image 13as.png using Guid(ec3b257b3bda943499a5c901ee0ac584) Importer(815301076,1909f56bfc062723c751e8b465ee728b)  -> (artifact id: 'f4f0b76dbda5328e309ea7439abd1828') in 0.032460 seconds 
========================================================================
Received Import Request.
  Time since last request: 0.000211 seconds.
  path: Assets/images/daily gift.png
  artifactKey: Guid(53bdb271f3697ab4db932c59156b653f) Importer(815301076,1909f56bfc062723c751e8b465ee728b)
Start importing Assets/images/daily gift.png using Guid(53bdb271f3697ab4db932c59156b653f) Importer(815301076,1909f56bfc062723c751e8b465ee728b)  -> (artifact id: '9b669c205e493004e549319e0fa9eefe') in 0.105630 seconds 
========================================================================
Received Import Request.
  Time since last request: 0.000243 seconds.
  path: Assets/images/Frame 11.png
  artifactKey: Guid(5bbc71cb96985744cbc3628b0179343c) Importer(815301076,1909f56bfc062723c751e8b465ee728b)
Start importing Assets/images/Frame 11.png using Guid(5bbc71cb96985744cbc3628b0179343c) Importer(815301076,1909f56bfc062723c751e8b465ee728b)  -> (artifact id: 'b18d71faada8ed0091c189c395722f78') in 0.105916 seconds 
========================================================================
Received Import Request.
  Time since last request: 0.000227 seconds.
  path: Assets/images/image 14.png
  artifactKey: Guid(77c8e1fc5b3ade64cbc137c2cc03f1cd) Importer(815301076,1909f56bfc062723c751e8b465ee728b)
Start importing Assets/images/image 14.png using Guid(77c8e1fc5b3ade64cbc137c2cc03f1cd) Importer(815301076,1909f56bfc062723c751e8b465ee728b)  -> (artifact id: '79e95d6e5bf53d89c751c8c7743732df') in 0.016091 seconds 
========================================================================
Received Import Request.
  Time since last request: 0.000234 seconds.
  path: Assets/images/easy.png
  artifactKey: Guid(55aba5635360a78488a0cf16099a82f6) Importer(815301076,1909f56bfc062723c751e8b465ee728b)
Start importing Assets/images/easy.png using Guid(55aba5635360a78488a0cf16099a82f6) Importer(815301076,1909f56bfc062723c751e8b465ee728b)  -> (artifact id: '00b83d670aae08738ac7134d9630637d') in 0.135971 seconds 
========================================================================
Received Import Request.
  Time since last request: 0.000260 seconds.
  path: Assets/images/Frame 34.png
  artifactKey: Guid(c5ba089429ff09d49bf87615036892c3) Importer(815301076,1909f56bfc062723c751e8b465ee728b)
Start importing Assets/images/Frame 34.png using Guid(c5ba089429ff09d49bf87615036892c3) Importer(815301076,1909f56bfc062723c751e8b465ee728b)  -> (artifact id: 'c3fe4d75fdd28ac7c02c4441810a62d9') in 0.449014 seconds 
========================================================================
Received Import Request.
  Time since last request: 0.000249 seconds.
  path: Assets/images/image 87.png
  artifactKey: Guid(0335490971ab0f6469c83c333c49440c) Importer(815301076,1909f56bfc062723c751e8b465ee728b)
Start importing Assets/images/image 87.png using Guid(0335490971ab0f6469c83c333c49440c) Importer(815301076,1909f56bfc062723c751e8b465ee728b)  -> (artifact id: '311883dd85e9f6e16cc6199d1a382d42') in 0.393378 seconds 
========================================================================
Received Import Request.
  Time since last request: 0.000237 seconds.
  path: Assets/images/music.png
  artifactKey: Guid(55a328a4a180cf8499246cefe5cecfc8) Importer(815301076,1909f56bfc062723c751e8b465ee728b)
Start importing Assets/images/music.png using Guid(55a328a4a180cf8499246cefe5cecfc8) Importer(815301076,1909f56bfc062723c751e8b465ee728b)  -> (artifact id: 'a3f7253afcf22dc51492bc436c550953') in 0.026294 seconds 
========================================================================
Received Import Request.
  Time since last request: 0.000224 seconds.
  path: Assets/images/image 8.png
  artifactKey: Guid(1aec1fe0efc0af140a5b78eef0ef10c3) Importer(815301076,1909f56bfc062723c751e8b465ee728b)
Start importing Assets/images/image 8.png using Guid(1aec1fe0efc0af140a5b78eef0ef10c3) Importer(815301076,1909f56bfc062723c751e8b465ee728b)  -> (artifact id: '2e0d58bfd12100252b208ffe405e371b') in 0.035315 seconds 
========================================================================
Received Import Request.
  Time since last request: 0.000242 seconds.
  path: Assets/images/photo_2023-11-04_14-35-55.jpg
  artifactKey: Guid(f9119ba5b0d7232458ac7cffee20bd07) Importer(815301076,1909f56bfc062723c751e8b465ee728b)
Start importing Assets/images/photo_2023-11-04_14-35-55.jpg using Guid(f9119ba5b0d7232458ac7cffee20bd07) Importer(815301076,1909f56bfc062723c751e8b465ee728b)  -> (artifact id: '0c55f02ba054e6fc578be07d668e2ed8') in 0.034849 seconds 
========================================================================
Received Import Request.
  Time since last request: 0.000232 seconds.
  path: Assets/images/Frame 25.png
  artifactKey: Guid(0ae30b8497bb915428b1d524d0d26a83) Importer(815301076,1909f56bfc062723c751e8b465ee728b)
Start importing Assets/images/Frame 25.png using Guid(0ae30b8497bb915428b1d524d0d26a83) Importer(815301076,1909f56bfc062723c751e8b465ee728b)  -> (artifact id: '2a1853edc2111a8f0ae2ccc348317ec9') in 0.026428 seconds 
========================================================================
Received Import Request.
  Time since last request: 0.000223 seconds.
  path: Assets/images/Map 1 (1).png
  artifactKey: Guid(2791db274d625454da339a0b457d543b) Importer(815301076,1909f56bfc062723c751e8b465ee728b)
Start importing Assets/images/Map 1 (1).png using Guid(2791db274d625454da339a0b457d543b) Importer(815301076,1909f56bfc062723c751e8b465ee728b)  -> (artifact id: 'bbf1a390326b8de07a90405171476f40') in 0.103923 seconds 
========================================================================
Received Import Request.
  Time since last request: 0.000239 seconds.
  path: Assets/images/Map 1title.png
  artifactKey: Guid(ca64c8abf3b085141bebaafe219d5370) Importer(815301076,1909f56bfc062723c751e8b465ee728b)
Start importing Assets/images/Map 1title.png using Guid(ca64c8abf3b085141bebaafe219d5370) Importer(815301076,1909f56bfc062723c751e8b465ee728b)  -> (artifact id: 'a1587865cc0c11dbcaa90bd2dffd5e4a') in 0.180288 seconds 
========================================================================
Received Import Request.
  Time since last request: 0.000545 seconds.
  path: Assets/images/Frame 18.png
  artifactKey: Guid(940abf6dcb65c0c47b861a62f9be807b) Importer(815301076,1909f56bfc062723c751e8b465ee728b)
Start importing Assets/images/Frame 18.png using Guid(940abf6dcb65c0c47b861a62f9be807b) Importer(815301076,1909f56bfc062723c751e8b465ee728b)  -> (artifact id: '7afaaf5bd9cb5f653c4137ec513de3b7') in 0.038056 seconds 
========================================================================
Received Import Request.
  Time since last request: 0.000409 seconds.
  path: Assets/images/Info 1.png
  artifactKey: Guid(de18d0aaee1de4343a1175436e3ec65f) Importer(815301076,1909f56bfc062723c751e8b465ee728b)
Start importing Assets/images/Info 1.png using Guid(de18d0aaee1de4343a1175436e3ec65f) Importer(815301076,1909f56bfc062723c751e8b465ee728b)  -> (artifact id: 'df462538f57ea82394cc8c7ebb147936') in 0.383493 seconds 
========================================================================
Received Import Request.
  Time since last request: 0.000264 seconds.
  path: Assets/images/Background1.png
  artifactKey: Guid(76076ddaf025d2149bfdbd57682b52a1) Importer(815301076,1909f56bfc062723c751e8b465ee728b)
Start importing Assets/images/Background1.png using Guid(76076ddaf025d2149bfdbd57682b52a1) Importer(815301076,1909f56bfc062723c751e8b465ee728b)  -> (artifact id: '8e1a4236e065b71f605679123500c9f1') in 0.414674 seconds 
========================================================================
Received Import Request.
  Time since last request: 0.000245 seconds.
  path: Assets/images/coins 1.png
  artifactKey: Guid(545c8767ab1d5944e8a38d289b3726a6) Importer(815301076,1909f56bfc062723c751e8b465ee728b)
Start importing Assets/images/coins 1.png using Guid(545c8767ab1d5944e8a38d289b3726a6) Importer(815301076,1909f56bfc062723c751e8b465ee728b)  -> (artifact id: 'b6a50fe4d69225d997e1eb8e804b3f3a') in 0.119866 seconds 
========================================================================
Received Import Request.
  Time since last request: 0.000270 seconds.
  path: Assets/images/Map 2.png
  artifactKey: Guid(b6994d5bbc9efd5498b25e004954c1da) Importer(815301076,1909f56bfc062723c751e8b465ee728b)
Start importing Assets/images/Map 2.png using Guid(b6994d5bbc9efd5498b25e004954c1da) Importer(815301076,1909f56bfc062723c751e8b465ee728b)  -> (artifact id: 'c4ad134460a1992ce15ae2ed9964b90c') in 0.025541 seconds 
========================================================================
Received Import Request.
  Time since last request: 0.000241 seconds.
  path: Assets/images/image 9.png
  artifactKey: Guid(241e7f1e2c588b14d8a06ea0508919a1) Importer(815301076,1909f56bfc062723c751e8b465ee728b)
Start importing Assets/images/image 9.png using Guid(241e7f1e2c588b14d8a06ea0508919a1) Importer(815301076,1909f56bfc062723c751e8b465ee728b)  -> (artifact id: '1d3bb1850b5459acf4cea2ef7a6e80cb') in 0.116921 seconds 
========================================================================
Received Import Request.
  Time since last request: 0.000294 seconds.
  path: Assets/images/image 1.jpg
  artifactKey: Guid(e6bc42a9ec88b6846a157aedf9ef351f) Importer(815301076,1909f56bfc062723c751e8b465ee728b)
Start importing Assets/images/image 1.jpg using Guid(e6bc42a9ec88b6846a157aedf9ef351f) Importer(815301076,1909f56bfc062723c751e8b465ee728b)  -> (artifact id: 'a3971fb674c2734d96e09ea1d567f848') in 0.395626 seconds 
========================================================================
Received Import Request.
  Time since last request: 0.000239 seconds.
  path: Assets/images/png-clipart-purple-push-button-purple-button-violet-vector-button.png
  artifactKey: Guid(d02a0cb61c0d94341b1997e4f49fa7e4) Importer(815301076,1909f56bfc062723c751e8b465ee728b)
Start importing Assets/images/png-clipart-purple-push-button-purple-button-violet-vector-button.png using Guid(d02a0cb61c0d94341b1997e4f49fa7e4) Importer(815301076,1909f56bfc062723c751e8b465ee728b)  -> (artifact id: 'e1697879f863f755caaed1d417be4bab') in 0.035150 seconds 
========================================================================
Received Import Request.
  Time since last request: 0.000231 seconds.
  path: Assets/images/Frame 22.png
  artifactKey: Guid(9fae6aafda473e84dbdb094002561ef5) Importer(815301076,1909f56bfc062723c751e8b465ee728b)
Start importing Assets/images/Frame 22.png using Guid(9fae6aafda473e84dbdb094002561ef5) Importer(815301076,1909f56bfc062723c751e8b465ee728b)  -> (artifact id: '118f251d6e3e0ebbabb95f7fd53cab88') in 0.026837 seconds 
========================================================================
Received Import Request.
  Time since last request: 0.000244 seconds.
  path: Assets/images/Info 5.png
  artifactKey: Guid(cf8c40dae9ad8cb418e85aa134530c7e) Importer(815301076,1909f56bfc062723c751e8b465ee728b)
Start importing Assets/images/Info 5.png using Guid(cf8c40dae9ad8cb418e85aa134530c7e) Importer(815301076,1909f56bfc062723c751e8b465ee728b)  -> (artifact id: '63afa4d3bb0578ec3800d4c5552b8760') in 0.400168 seconds 
========================================================================
Received Import Request.
  Time since last request: 0.000263 seconds.
  path: Assets/images/Frame 23.png
  artifactKey: Guid(34224022bc95ef44aa6e5cf7b870bc4b) Importer(815301076,1909f56bfc062723c751e8b465ee728b)
Start importing Assets/images/Frame 23.png using Guid(34224022bc95ef44aa6e5cf7b870bc4b) Importer(815301076,1909f56bfc062723c751e8b465ee728b)  -> (artifact id: 'd3a319d1670a2c5ec4d1e2123066a3f6') in 0.025099 seconds 
========================================================================
Received Import Request.
  Time since last request: 0.000226 seconds.
  path: Assets/images/Coins.png
  artifactKey: Guid(1df178ebda192994082b7367bb43776b) Importer(815301076,1909f56bfc062723c751e8b465ee728b)
Start importing Assets/images/Coins.png using Guid(1df178ebda192994082b7367bb43776b) Importer(815301076,1909f56bfc062723c751e8b465ee728b)  -> (artifact id: 'd1b04d781a9885250f94cfcdcf15be41') in 0.034372 seconds 
========================================================================
Received Import Request.
  Time since last request: 0.000247 seconds.
  path: Assets/images/a.png
  artifactKey: Guid(094ec1ab3c5ca3c4f87cca8ab28b23bb) Importer(815301076,1909f56bfc062723c751e8b465ee728b)
Start importing Assets/images/a.png using Guid(094ec1ab3c5ca3c4f87cca8ab28b23bb) Importer(815301076,1909f56bfc062723c751e8b465ee728b)  -> (artifact id: 'c47ce2fdba5300202cfc0945ef328943') in 0.101418 seconds 
========================================================================
Received Import Request.
  Time since last request: 0.000264 seconds.
  path: Assets/images/daygift.png
  artifactKey: Guid(356e2e23676980248a84c6f43281ee40) Importer(815301076,1909f56bfc062723c751e8b465ee728b)
Start importing Assets/images/daygift.png using Guid(356e2e23676980248a84c6f43281ee40) Importer(815301076,1909f56bfc062723c751e8b465ee728b)  -> (artifact id: 'fa681679ee82ff7d306d78721ea2f4c8') in 0.119025 seconds 
========================================================================
Received Import Request.
  Time since last request: 0.000491 seconds.
  path: Assets/images/bet2.png
  artifactKey: Guid(a749bfff5ac60a543a53a87893a995a0) Importer(815301076,1909f56bfc062723c751e8b465ee728b)
Start importing Assets/images/bet2.png using Guid(a749bfff5ac60a543a53a87893a995a0) Importer(815301076,1909f56bfc062723c751e8b465ee728b)  -> (artifact id: '8282ba4e1409ff21eae7683ff48b32d8') in 0.037444 seconds 
========================================================================
Received Import Request.
  Time since last request: 0.000308 seconds.
  path: Assets/images/Frame 191.png
  artifactKey: Guid(092ac47ccf7022c4d92e8137f77813a7) Importer(815301076,1909f56bfc062723c751e8b465ee728b)
Start importing Assets/images/Frame 191.png using Guid(092ac47ccf7022c4d92e8137f77813a7) Importer(815301076,1909f56bfc062723c751e8b465ee728b)  -> (artifact id: '337da98d3313c9a566d7531e8a05c4c0') in 0.029336 seconds 
========================================================================
Received Import Request.
  Time since last request: 0.000201 seconds.
  path: Assets/images/ball3.png
  artifactKey: Guid(64bdea443da469244b8268531109e7bc) Importer(815301076,1909f56bfc062723c751e8b465ee728b)
Start importing Assets/images/ball3.png using Guid(64bdea443da469244b8268531109e7bc) Importer(815301076,1909f56bfc062723c751e8b465ee728b)  -> (artifact id: 'b6231f8d9d15cf873f4461e0e63994ad') in 0.035964 seconds 
========================================================================
Received Import Request.
  Time since last request: 0.000273 seconds.
  path: Assets/images/Map 1.png
  artifactKey: Guid(9170583c94a33f248a2b63c1314ebc1c) Importer(815301076,1909f56bfc062723c751e8b465ee728b)
Start importing Assets/images/Map 1.png using Guid(9170583c94a33f248a2b63c1314ebc1c) Importer(815301076,1909f56bfc062723c751e8b465ee728b)  -> (artifact id: '34fc15b28add771aec1df4d7935c6341') in 0.370965 seconds 
========================================================================
Received Import Request.
  Time since last request: 0.000213 seconds.
  path: Assets/images/plus.png
  artifactKey: Guid(fc7b03b6222ed104584cac83ab8ca8f1) Importer(815301076,1909f56bfc062723c751e8b465ee728b)
Start importing Assets/images/plus.png using Guid(fc7b03b6222ed104584cac83ab8ca8f1) Importer(815301076,1909f56bfc062723c751e8b465ee728b)  -> (artifact id: 'cbcb06dcd46949e43f84d22033ebc778') in 0.023359 seconds 
========================================================================
Received Import Request.
  Time since last request: 0.000241 seconds.
  path: Assets/images/asssasaas.png
  artifactKey: Guid(46daeb4aab8d75541b6fc29994df0bc8) Importer(815301076,1909f56bfc062723c751e8b465ee728b)
Start importing Assets/images/asssasaas.png using Guid(46daeb4aab8d75541b6fc29994df0bc8) Importer(815301076,1909f56bfc062723c751e8b465ee728b)  -> (artifact id: '3eee62d13673a1619978515438ed72b6') in 0.104696 seconds 
========================================================================
Received Import Request.
  Time since last request: 0.000274 seconds.
  path: Assets/images/Info 3.png
  artifactKey: Guid(4d2c6c697f4a42c4b9d7ae2f0131bb74) Importer(815301076,1909f56bfc062723c751e8b465ee728b)
Start importing Assets/images/Info 3.png using Guid(4d2c6c697f4a42c4b9d7ae2f0131bb74) Importer(815301076,1909f56bfc062723c751e8b465ee728b)  -> (artifact id: '3fadafc2a140276662926de7f715cdbf') in 0.416772 seconds 
========================================================================
Received Import Request.
  Time since last request: 0.000249 seconds.
  path: Assets/images/Daily giftban.png
  artifactKey: Guid(4ff5427bc3badcd42928c4eade64de49) Importer(815301076,1909f56bfc062723c751e8b465ee728b)
Start importing Assets/images/Daily giftban.png using Guid(4ff5427bc3badcd42928c4eade64de49) Importer(815301076,1909f56bfc062723c751e8b465ee728b)  -> (artifact id: '9bddd4b7b4b981083f461f27fe8ed8f6') in 0.402338 seconds 
========================================================================
Received Import Request.
  Time since last request: 0.000239 seconds.
  path: Assets/images/image 15.png
  artifactKey: Guid(b5f21c9b31deae74fb8f8325df9bd608) Importer(815301076,1909f56bfc062723c751e8b465ee728b)
Start importing Assets/images/image 15.png using Guid(b5f21c9b31deae74fb8f8325df9bd608) Importer(815301076,1909f56bfc062723c751e8b465ee728b)  -> (artifact id: '0d107bc4cbf4856d19c5c9815f0cb7a5') in 0.102229 seconds 
========================================================================
Received Import Request.
  Time since last request: 0.000266 seconds.
  path: Assets/images/Frame 14.png
  artifactKey: Guid(2f212b36e062d9f43addc52385359ebb) Importer(815301076,1909f56bfc062723c751e8b465ee728b)
Start importing Assets/images/Frame 14.png using Guid(2f212b36e062d9f43addc52385359ebb) Importer(815301076,1909f56bfc062723c751e8b465ee728b)  -> (artifact id: '00008e58d5206fcaa5e2013a50447817') in 0.021858 seconds 
========================================================================
Received Import Request.
  Time since last request: 0.000219 seconds.
  path: Assets/images/Background11.png
  artifactKey: Guid(c819ad42686ac004aa38bb62c36a24d6) Importer(815301076,1909f56bfc062723c751e8b465ee728b)
Start importing Assets/images/Background11.png using Guid(c819ad42686ac004aa38bb62c36a24d6) Importer(815301076,1909f56bfc062723c751e8b465ee728b)  -> (artifact id: 'e1f045b2ad8e591c31560610b19f1cf1') in 0.484844 seconds 
========================================================================
Received Import Request.
  Time since last request: 0.000223 seconds.
  path: Assets/images/bet.png
  artifactKey: Guid(fa09ed7026ef60841888b9f56cdb150c) Importer(815301076,1909f56bfc062723c751e8b465ee728b)
Start importing Assets/images/bet.png using Guid(fa09ed7026ef60841888b9f56cdb150c) Importer(815301076,1909f56bfc062723c751e8b465ee728b)  -> (artifact id: '1cee18781fdc5c0ae6b9442ac2e602c4') in 0.023298 seconds 
========================================================================
Received Import Request.
  Time since last request: 0.000229 seconds.
  path: Assets/images/image 13 (3).png
  artifactKey: Guid(1ee734eaeeed9f34ab04be7e03c935f8) Importer(815301076,1909f56bfc062723c751e8b465ee728b)
Start importing Assets/images/image 13 (3).png using Guid(1ee734eaeeed9f34ab04be7e03c935f8) Importer(815301076,1909f56bfc062723c751e8b465ee728b)  -> (artifact id: '79145e4be9823d485351539dc557b706') in 0.025714 seconds 
========================================================================
Received Import Request.
  Time since last request: 0.000252 seconds.
  path: Assets/images/Group 41.png
  artifactKey: Guid(d758a8a330c62154eba36e7fea86b087) Importer(815301076,1909f56bfc062723c751e8b465ee728b)
Start importing Assets/images/Group 41.png using Guid(d758a8a330c62154eba36e7fea86b087) Importer(815301076,1909f56bfc062723c751e8b465ee728b)  -> (artifact id: 'b088b19cc458af077900061ff279a656') in 0.104758 seconds 
========================================================================
Received Import Request.
  Time since last request: 0.000217 seconds.
  path: Assets/images/image 13 (1).png
  artifactKey: Guid(513c5a755f0b9eb45bd23cac3ab6a565) Importer(815301076,1909f56bfc062723c751e8b465ee728b)
Start importing Assets/images/image 13 (1).png using Guid(513c5a755f0b9eb45bd23cac3ab6a565) Importer(815301076,1909f56bfc062723c751e8b465ee728b)  -> (artifact id: 'ca3a36d060481070ff62ac3597e1dc89') in 0.030685 seconds 
========================================================================
Received Import Request.
  Time since last request: 0.000220 seconds.
  path: Assets/images/Map 1a.png
  artifactKey: Guid(e23d47b6bffddb64fbd2768b39274397) Importer(815301076,1909f56bfc062723c751e8b465ee728b)
Start importing Assets/images/Map 1a.png using Guid(e23d47b6bffddb64fbd2768b39274397) Importer(815301076,1909f56bfc062723c751e8b465ee728b)  -> (artifact id: '6c2671fe09d86b700f82a5f07ac27431') in 0.103745 seconds 
========================================================================
Received Import Request.
  Time since last request: 0.000251 seconds.
  path: Assets/images/pyr.png
  artifactKey: Guid(de669a600d638bd47a40aa998aae0120) Importer(815301076,1909f56bfc062723c751e8b465ee728b)
Start importing Assets/images/pyr.png using Guid(de669a600d638bd47a40aa998aae0120) Importer(815301076,1909f56bfc062723c751e8b465ee728b)  -> (artifact id: '45e43938eb6c60c7201c217f3633d09d') in 0.404640 seconds 
========================================================================
Received Import Request.
  Time since last request: 0.000274 seconds.
  path: Assets/images/ball1.png
  artifactKey: Guid(c82718ac969e8c74fb6c30335e02acb6) Importer(815301076,1909f56bfc062723c751e8b465ee728b)
Start importing Assets/images/ball1.png using Guid(c82718ac969e8c74fb6c30335e02acb6) Importer(815301076,1909f56bfc062723c751e8b465ee728b)  -> (artifact id: 'adcddacfa115229eb2cea97c0457ac0c') in 0.024924 seconds 
========================================================================
Received Import Request.
  Time since last request: 0.000319 seconds.
  path: Assets/images/Background21.png
  artifactKey: Guid(6d7402ac97bfe924093ad93439e512e1) Importer(815301076,1909f56bfc062723c751e8b465ee728b)
Start importing Assets/images/Background21.png using Guid(6d7402ac97bfe924093ad93439e512e1) Importer(815301076,1909f56bfc062723c751e8b465ee728b)  -> (artifact id: '7d1009411e701e7ed02d2c167a775ad4') in 0.436918 seconds 
========================================================================
Received Import Request.
  Time since last request: 0.000230 seconds.
  path: Assets/images/Frame 20.png
  artifactKey: Guid(4adf635906b57df4daaf700a8a4856ec) Importer(815301076,1909f56bfc062723c751e8b465ee728b)
Start importing Assets/images/Frame 20.png using Guid(4adf635906b57df4daaf700a8a4856ec) Importer(815301076,1909f56bfc062723c751e8b465ee728b)  -> (artifact id: '014cfb29ad0bbbf8b88b4dd09cbad4ab') in 0.038053 seconds 
========================================================================
Received Import Request.
  Time since last request: 0.000278 seconds.
  path: Assets/images/image 13 (1)c.png
  artifactKey: Guid(8d245a30b7413364387e118295cc307d) Importer(815301076,1909f56bfc062723c751e8b465ee728b)
Start importing Assets/images/image 13 (1)c.png using Guid(8d245a30b7413364387e118295cc307d) Importer(815301076,1909f56bfc062723c751e8b465ee728b)  -> (artifact id: '63b754715d0ca128d4fa42293783f64e') in 0.034246 seconds 
========================================================================
Received Import Request.
  Time since last request: 0.000202 seconds.
  path: Assets/images/image 132.png
  artifactKey: Guid(58ed1d624c9fb5346af59fa1e2de9b02) Importer(815301076,1909f56bfc062723c751e8b465ee728b)
Start importing Assets/images/image 132.png using Guid(58ed1d624c9fb5346af59fa1e2de9b02) Importer(815301076,1909f56bfc062723c751e8b465ee728b)  -> (artifact id: 'e15a1ea717034040368cfd4436c10f08') in 0.029085 seconds 
========================================================================
Received Import Request.
  Time since last request: 0.000225 seconds.
  path: Assets/images/Group 29a.png
  artifactKey: Guid(f70e5127aca56e544aa53ba8a9f47813) Importer(815301076,1909f56bfc062723c751e8b465ee728b)
Start importing Assets/images/Group 29a.png using Guid(f70e5127aca56e544aa53ba8a9f47813) Importer(815301076,1909f56bfc062723c751e8b465ee728b)  -> (artifact id: 'd5a58eb1f245034704edeb3380308a9b') in 0.042190 seconds 
========================================================================
Received Import Request.
  Time since last request: 0.000261 seconds.
  path: Assets/images/Map 1 (4).png
  artifactKey: Guid(185a3f23cda556443ade32fb4aafd7b3) Importer(815301076,1909f56bfc062723c751e8b465ee728b)
Start importing Assets/images/Map 1 (4).png using Guid(185a3f23cda556443ade32fb4aafd7b3) Importer(815301076,1909f56bfc062723c751e8b465ee728b)  -> (artifact id: 'b8dbd7d9ebb72548ac082399974573b7') in 0.102134 seconds 
========================================================================
Received Import Request.
  Time since last request: 3.769094 seconds.
  path: Assets/096_Desktop Wallpapers  HD Part (179).jpg
  artifactKey: Guid(b09dc6f137303cd46b500d6df51e4d87) Importer(815301076,1909f56bfc062723c751e8b465ee728b)
Start importing Assets/096_Desktop Wallpapers  HD Part (179).jpg using Guid(b09dc6f137303cd46b500d6df51e4d87) Importer(815301076,1909f56bfc062723c751e8b465ee728b)  -> (artifact id: '4101190795b3b7093144542ab584354f') in 0.382127 seconds 
========================================================================
Received Import Request.
  Time since last request: 0.000240 seconds.
  path: Assets/untitled.obj
  artifactKey: Guid(a3a65df789813c1498b5cfa745562622) Importer(815301076,1909f56bfc062723c751e8b465ee728b)
Start importing Assets/untitled.obj using Guid(a3a65df789813c1498b5cfa745562622) Importer(815301076,1909f56bfc062723c751e8b465ee728b)  -> (artifact id: 'bc78eb41fa8b7cf41b25012cd91f3182') in 0.182864 seconds 
========================================================================
Received Import Request.
  Time since last request: 0.000282 seconds.
  path: Assets/New Physic Material.physicMaterial
  artifactKey: Guid(e5715a28477bffe4da7c3f39f543508b) Importer(815301076,1909f56bfc062723c751e8b465ee728b)
Start importing Assets/New Physic Material.physicMaterial using Guid(e5715a28477bffe4da7c3f39f543508b) Importer(815301076,1909f56bfc062723c751e8b465ee728b)  -> (artifact id: 'd9144a31c763485cfc584062267c9562') in 0.014513 seconds 
========================================================================
Received Import Request.
  Time since last request: 0.000273 seconds.
  path: Assets/postpr.asset
  artifactKey: Guid(556719faa36fcc146ad7427b9d69edc9) Importer(815301076,1909f56bfc062723c751e8b465ee728b)
Start importing Assets/postpr.asset using Guid(556719faa36fcc146ad7427b9d69edc9) Importer(815301076,1909f56bfc062723c751e8b465ee728b)  -> (artifact id: '35e7da5267d723921c0d5cd17b0a94ff') in 0.020552 seconds 
========================================================================
Received Import Request.
  Time since last request: 0.000249 seconds.
  path: Assets/qizil.mat
  artifactKey: Guid(d896779183b050946bd22a50d5e1b378) Importer(815301076,1909f56bfc062723c751e8b465ee728b)
Start importing Assets/qizil.mat using Guid(d896779183b050946bd22a50d5e1b378) Importer(815301076,1909f56bfc062723c751e8b465ee728b)  -> (artifact id: 'fba2453109e00943c0452499e106a17f') in 0.017656 seconds 
========================================================================
Received Import Request.
  Time since last request: 0.000246 seconds.
  path: Assets/sar.mat
  artifactKey: Guid(989e840e389bb0246b19ffdd62259f15) Importer(815301076,1909f56bfc062723c751e8b465ee728b)
Start importing Assets/sar.mat using Guid(989e840e389bb0246b19ffdd62259f15) Importer(815301076,1909f56bfc062723c751e8b465ee728b)  -> (artifact id: 'b9e7a67e23ca647a4900cd7e04625ff5') in 0.015224 seconds 
========================================================================
Received Import Request.
  Time since last request: 1.230582 seconds.
  path: Assets/Scenes
  artifactKey: Guid(cb8c95047a373b34496af5f0041b5963) Importer(815301076,1909f56bfc062723c751e8b465ee728b)
Start importing Assets/Scenes using Guid(cb8c95047a373b34496af5f0041b5963) Importer(815301076,1909f56bfc062723c751e8b465ee728b)  -> (artifact id: 'dca92da47ea9d8e408fa788b2c91d2f3') in 0.008363 seconds 
========================================================================
Received Import Request.
  Time since last request: 2.536533 seconds.
  path: Assets/scenes 1
  artifactKey: Guid(9f01248f797dabc41881a025b645b938) Importer(815301076,1909f56bfc062723c751e8b465ee728b)
Start importing Assets/scenes 1 using Guid(9f01248f797dabc41881a025b645b938) Importer(815301076,1909f56bfc062723c751e8b465ee728b)  -> (artifact id: '57a237ed74d5cdab1d97adb55b047088') in 0.010112 seconds 
========================================================================
Received Import Request.
  Time since last request: 1.072076 seconds.
  path: Assets/scenes 1/bosh menu.unity
  artifactKey: Guid(5801cb07d223e394d9436317df49243b) Importer(815301076,1909f56bfc062723c751e8b465ee728b)
Start importing Assets/scenes 1/bosh menu.unity using Guid(5801cb07d223e394d9436317df49243b) Importer(815301076,1909f56bfc062723c751e8b465ee728b)  -> (artifact id: '8e5ca96701340972f7857ee6fc4a4cfd') in 0.009631 seconds 
========================================================================
Received Import Request.
  Time since last request: 931.209613 seconds.
  path: Assets/Samples/In App Purchasing/4.10.0/01 Buying Consumables
  artifactKey: Guid(28f704f383165d941a4472853e49d257) Importer(815301076,1909f56bfc062723c751e8b465ee728b)
Start importing Assets/Samples/In App Purchasing/4.10.0/01 Buying Consumables using Guid(28f704f383165d941a4472853e49d257) Importer(815301076,1909f56bfc062723c751e8b465ee728b)  -> (artifact id: '5b67e33e775985a6c911fed69896bbea') in 0.011035 seconds 
========================================================================
Received Prepare
Registering precompiled user dll's ...
Registered in 0.002910 seconds.
Begin MonoManager ReloadAssembly
Error: Could not load signature of UnityEditor.Purchasing.AppleCapabilities:AddInAppPurchasingCapability due to: Could not load file or assembly 'UnityEditor.iOS.Extensions.Xcode, Version=1.0.0.0, Culture=neutral, PublicKeyToken=null' or one of its dependencies. assembly:UnityEditor.iOS.Extensions.Xcode, Version=1.0.0.0, Culture=neutral, PublicKeyToken=null type:<unknown type> member:(null) signature:<none>
Unloading broken assembly Library/ScriptAssemblies/UnityEditor.Purchasing.dll, this assembly can cause crashes in the runtime
Native extension for WindowsStandalone target not found
Refreshing native plugins compatible for Editor in 0.60 ms, found 2 plugins.
Preloading 0 native plugins for Editor in 0.00 ms.
Mono: successfully reloaded assembly
- Completed reload, in  1.219 seconds
Domain Reload Profiling:
	ReloadAssembly (1219ms)
		BeginReloadAssembly (123ms)
			ExecutionOrderSort (0ms)
			DisableScriptedObjects (5ms)
			BackupInstance (0ms)
			ReleaseScriptingObjects (0ms)
			CreateAndSetChildDomain (41ms)
		EndReloadAssembly (1029ms)
			LoadAssemblies (106ms)
			RebuildTransferFunctionScriptingTraits (0ms)
			SetupTypeCache (434ms)
			ReleaseScriptCaches (1ms)
			RebuildScriptCaches (46ms)
			SetupLoadedEditorAssemblies (335ms)
				LogAssemblyErrors (0ms)
				InitializePlatformSupportModulesInManaged (5ms)
				SetLoadedEditorAssemblies (1ms)
				RefreshPlugins (1ms)
				BeforeProcessingInitializeOnLoad (73ms)
				ProcessInitializeOnLoadAttributes (241ms)
				ProcessInitializeOnLoadMethodAttributes (13ms)
				AfterProcessingInitializeOnLoad (2ms)
				EditorAssembliesLoaded (0ms)
			ExecutionOrderSort2 (0ms)
			AwakeInstancesAfterBackupRestoration (2ms)
Platform modules already initialized, skipping
Switching build target platform(19) subTarget(0) extendedPlatform(0) -> platform(9) subTarget(16777218) extendedPlatform(0)
Refreshing native plugins compatible for Editor in 0.69 ms, found 2 plugins.
Preloading 0 native plugins for Editor in 0.00 ms.
Unloading 2092 Unused Serialized files (Serialized files now loaded: 0)
System memory in use before: 91.3 MB.
System memory in use after: 91.4 MB.

Unloading 23 unused Assets to reduce memory usage. Loaded Objects now: 2625.
Total: 4.518800 ms (FindLiveObjects: 0.260000 ms CreateObjectMapping: 0.168200 ms MarkObjects: 4.011600 ms  DeleteObjects: 0.078000 ms)

AssetImportParameters requested are different than current active one (requested -> active):
  custom:framework-win-MediaFoundation: 216162199b28c13a410421893ffa2e32 -> 
  custom:video-decoder-ogg-theora: a1e56fd34408186e4bbccfd4996cb3dc -> 
  custom:container-muxer-webm: aa71ff27fc2769a1b78a27578f13a17b -> 
  custom:container-demuxer-webm: 4f35f7cbe854078d1ac9338744f61a02 -> 
  custom:container-demuxer-ogg: 62fdf1f143b41e24485cea50d1cbac27 -> 
  custom:video-encoder-webm-vp8: eb34c28f22e8b96e1ab97ce403110664 -> 
  custom:video-decoder-webm-vp8: 9c59270c3fd7afecdb556c50c9e8de78 -> 
  custom:graphics/normal-map-encoding: 01000000000000000000000000000000 -> 02000000000000000000000000000000
  custom:audio-decoder-ogg-vorbis: bf7c407c2cedff20999df2af8eb42d56 -> 
  custom:audio-encoder-webm-vorbis: bf7c407c2cedff20999df2af8eb42d56 -> 
AssetImportWorkerClient::OnTransportError - code=2 error=End of file
